<?xml version="1.0" encoding="UTF-8"?>
<!-- Generated by org.testng.reporters.JUnitReportReporter -->
<testsuite hostname="DESKTOP-ECUBPED" failures="1" tests="16" name="TimeStreamGroup.Reconstream.Administration_ATM" time="48.629" errors="1" timestamp="02 Jun 2023 08:18:48 GMT" skipped="0">
  <testcase classname="TimeStreamGroup.Reconstream.Administration_ATM" name="VerifyThatAdministrationisVisible" time="4.579"/>
  <testcase classname="TimeStreamGroup.Reconstream.Administration_ATM" name="VerifyThatATMManagmentisVisible" time="4.461"/>
  <testcase classname="TimeStreamGroup.Reconstream.Administration_ATM" name="VerifyThatALLATMListIsShowing" time="6.525"/>
  <testcase classname="TimeStreamGroup.Reconstream.Administration_ATM" name="VerifyADDATMScreenOpened" time="2.677">
    <failure message="expected:&lt;ATM Records[1]&gt; but was:&lt;ATM Records[]&gt;" type="junit.framework.ComparisonFailure">
      <![CDATA[junit.framework.ComparisonFailure: expected:<ATM Records[1]> but was:<ATM Records[]>
at junit.framework.Assert.assertEquals(Assert.java:100)
at junit.framework.Assert.assertEquals(Assert.java:107)
at TimeStreamGroup.Reconstream.Administration_ATM.VerifyADDATMScreenOpened(Administration_ATM.java:84)
at java.base/jdk.internal.reflect.NativeMethodAccessorImpl.invoke0(Native Method)
at java.base/jdk.internal.reflect.NativeMethodAccessorImpl.invoke(NativeMethodAccessorImpl.java:64)
at java.base/jdk.internal.reflect.DelegatingMethodAccessorImpl.invoke(DelegatingMethodAccessorImpl.java:43)
at java.base/java.lang.reflect.Method.invoke(Method.java:564)
at org.testng.internal.MethodInvocationHelper.invokeMethod(MethodInvocationHelper.java:124)
at org.testng.internal.Invoker.invokeMethod(Invoker.java:583)
at org.testng.internal.Invoker.invokeTestMethod(Invoker.java:719)
at org.testng.internal.Invoker.invokeTestMethods(Invoker.java:989)
at org.testng.internal.TestMethodWorker.invokeTestMethods(TestMethodWorker.java:125)
at org.testng.internal.TestMethodWorker.run(TestMethodWorker.java:109)
at org.testng.TestRunner.privateRun(TestRunner.java:648)
at org.testng.TestRunner.run(TestRunner.java:505)
at org.testng.SuiteRunner.runTest(SuiteRunner.java:455)
at org.testng.SuiteRunner.runSequentially(SuiteRunner.java:450)
at org.testng.SuiteRunner.privateRun(SuiteRunner.java:415)
at org.testng.SuiteRunner.run(SuiteRunner.java:364)
at org.testng.SuiteRunnerWorker.runSuite(SuiteRunnerWorker.java:52)
at org.testng.SuiteRunnerWorker.run(SuiteRunnerWorker.java:84)
at org.testng.TestNG.runSuitesSequentially(TestNG.java:1208)
at org.testng.TestNG.runSuitesLocally(TestNG.java:1137)
at org.testng.TestNG.runSuites(TestNG.java:1049)
at org.testng.TestNG.run(TestNG.java:1017)
at org.testng.remote.AbstractRemoteTestNG.run(AbstractRemoteTestNG.java:115)
at org.testng.remote.RemoteTestNG.initAndRun(RemoteTestNG.java:251)
at org.testng.remote.RemoteTestNG.main(RemoteTestNG.java:77)
]]>
    </failure>
  </testcase> <!-- VerifyADDATMScreenOpened -->
  <testcase classname="TimeStreamGroup.Reconstream.Administration_ATM" name="VerifyThatterminalIDIsDisplayed" time="2.392"/>
  <testcase classname="TimeStreamGroup.Reconstream.Administration_ATM" name="VerifyCITFieldIsDisplayed" time="2.389"/>
  <testcase classname="TimeStreamGroup.Reconstream.Administration_ATM" name="VerifyDeviceLocationIsDisplayed" time="2.468"/>
  <testcase classname="TimeStreamGroup.Reconstream.Administration_ATM" name="VerifyRegionDropDownIsDisplayed" time="4.807"/>
  <testcase classname="TimeStreamGroup.Reconstream.Administration_ATM" name="VerifyThatIpAddressFieldIsdisplayed" time="0.476"/>
  <testcase classname="TimeStreamGroup.Reconstream.Administration_ATM" name="VerifyThatDeviceNameFieldIsdisplayed" time="0.421"/>
  <testcase classname="TimeStreamGroup.Reconstream.Administration_ATM" name="VerifyThatLatitudeFieldIsDisplayed" time="0.280"/>
  <testcase classname="TimeStreamGroup.Reconstream.Administration_ATM" name="VerifyThatLongitudeFieldIsDisplayed" time="0.502"/>
  <testcase classname="TimeStreamGroup.Reconstream.Administration_ATM" name="VerifyThatUserSelectTheVendor" time="0.658"/>
  <testcase classname="TimeStreamGroup.Reconstream.Administration_ATM" name="VerifyThatActiveOptionisSelectedByDefault" time="2.111"/>
  <testcase classname="TimeStreamGroup.Reconstream.Administration_ATM" name="VerifyThatAfterAddingtheATMUserLanonOnTHeListingScreen" time="3.783"/>
  <testcase classname="TimeStreamGroup.Reconstream.Administration_ATM" name="VerifyThaATMExistInList" time="10.100">
    <error message="The element with the reference 7f2c1074-4dd0-4919-b356-1344f0e7b4c8 is stale; either its node document is not the active document, or it is no longer connected to the DOM
For documentation on this error, please visit: http://seleniumhq.org/exceptions/stale_element_reference.html
Build info: version: &#039;3.8.1&#039;, revision: &#039;6e95a6684b&#039;, time: &#039;2017-12-01T18:33:54.468Z&#039;
System info: host: &#039;DESKTOP-ECUBPED&#039;, ip: &#039;192.168.100.2&#039;, os.name: &#039;Windows 10&#039;, os.arch: &#039;amd64&#039;, os.version: &#039;10.0&#039;, java.version: &#039;15.0.2&#039;
Driver info: org.openqa.selenium.firefox.FirefoxDriver
Capabilities {acceptInsecureCerts: true, browserName: firefox, browserVersion: 113.0.2, javascriptEnabled: true, moz:accessibilityChecks: false, moz:buildID: 20230522134052, moz:geckodriverVersion: 0.29.1, moz:headless: false, moz:platformVersion: 10.0, moz:processID: 13196, moz:profile: C:\Users\MRMUDA~1\AppData\L..., moz:shutdownTimeout: 60000, moz:useNonSpecCompliantPointerOrigin: false, moz:webdriverClick: true, moz:windowless: false, pageLoadStrategy: normal, platform: WINDOWS, platformName: WINDOWS, proxy: Proxy(), setWindowRect: true, strictFileInteractability: false, timeouts: {implicit: 0, pageLoad: 300000, script: 30000}, unhandledPromptBehavior: dismiss and notify}
Session ID: fca48f57-f409-4c43-b466-961d045b18f9
*** Element info: {Using=tag name, value=td}" type="org.openqa.selenium.StaleElementReferenceException">
      <![CDATA[org.openqa.selenium.StaleElementReferenceException: The element with the reference 7f2c1074-4dd0-4919-b356-1344f0e7b4c8 is stale; either its node document is not the active document, or it is no longer connected to the DOM
For documentation on this error, please visit: http://seleniumhq.org/exceptions/stale_element_reference.html
Build info: version: '3.8.1', revision: '6e95a6684b', time: '2017-12-01T18:33:54.468Z'
System info: host: 'DESKTOP-ECUBPED', ip: '192.168.100.2', os.name: 'Windows 10', os.arch: 'amd64', os.version: '10.0', java.version: '15.0.2'
Driver info: org.openqa.selenium.firefox.FirefoxDriver
Capabilities {acceptInsecureCerts: true, browserName: firefox, browserVersion: 113.0.2, javascriptEnabled: true, moz:accessibilityChecks: false, moz:buildID: 20230522134052, moz:geckodriverVersion: 0.29.1, moz:headless: false, moz:platformVersion: 10.0, moz:processID: 13196, moz:profile: C:\Users\MRMUDA~1\AppData\L..., moz:shutdownTimeout: 60000, moz:useNonSpecCompliantPointerOrigin: false, moz:webdriverClick: true, moz:windowless: false, pageLoadStrategy: normal, platform: WINDOWS, platformName: WINDOWS, proxy: Proxy(), setWindowRect: true, strictFileInteractability: false, timeouts: {implicit: 0, pageLoad: 300000, script: 30000}, unhandledPromptBehavior: dismiss and notify}
Session ID: fca48f57-f409-4c43-b466-961d045b18f9
*** Element info: {Using=tag name, value=td}
at java.base/jdk.internal.reflect.NativeConstructorAccessorImpl.newInstance0(Native Method)
at java.base/jdk.internal.reflect.NativeConstructorAccessorImpl.newInstance(NativeConstructorAccessorImpl.java:64)
at java.base/jdk.internal.reflect.DelegatingConstructorAccessorImpl.newInstance(DelegatingConstructorAccessorImpl.java:45)
at java.base/java.lang.reflect.Constructor.newInstanceWithCaller(Constructor.java:500)
at java.base/java.lang.reflect.Constructor.newInstance(Constructor.java:481)
at org.openqa.selenium.remote.http.W3CHttpResponseCodec.createException(W3CHttpResponseCodec.java:187)
at org.openqa.selenium.remote.http.W3CHttpResponseCodec.decode(W3CHttpResponseCodec.java:122)
at org.openqa.selenium.remote.http.W3CHttpResponseCodec.decode(W3CHttpResponseCodec.java:49)
at org.openqa.selenium.remote.HttpCommandExecutor.execute(HttpCommandExecutor.java:164)
at org.openqa.selenium.remote.service.DriverCommandExecutor.execute(DriverCommandExecutor.java:83)
at org.openqa.selenium.remote.RemoteWebDriver.execute(RemoteWebDriver.java:601)
at org.openqa.selenium.remote.RemoteWebElement.execute(RemoteWebElement.java:279)
at org.openqa.selenium.remote.RemoteWebElement.findElements(RemoteWebElement.java:195)
at org.openqa.selenium.remote.RemoteWebElement.findElementsByTagName(RemoteWebElement.java:275)
at org.openqa.selenium.By$ByTagName.findElements(By.java:327)
at org.openqa.selenium.remote.RemoteWebElement.findElements(RemoteWebElement.java:171)
at TimeStreamGroup.Reconstream.Administration_ATM.FindATM(Administration_ATM.java:225)
at TimeStreamGroup.Reconstream.Administration_ATM.VerifyThaATMExistInList(Administration_ATM.java:211)
at java.base/jdk.internal.reflect.NativeMethodAccessorImpl.invoke0(Native Method)
at java.base/jdk.internal.reflect.NativeMethodAccessorImpl.invoke(NativeMethodAccessorImpl.java:64)
at java.base/jdk.internal.reflect.DelegatingMethodAccessorImpl.invoke(DelegatingMethodAccessorImpl.java:43)
at java.base/java.lang.reflect.Method.invoke(Method.java:564)
at org.testng.internal.MethodInvocationHelper.invokeMethod(MethodInvocationHelper.java:124)
at org.testng.internal.Invoker.invokeMethod(Invoker.java:583)
at org.testng.internal.Invoker.invokeTestMethod(Invoker.java:719)
at org.testng.internal.Invoker.invokeTestMethods(Invoker.java:989)
at org.testng.internal.TestMethodWorker.invokeTestMethods(TestMethodWorker.java:125)
at org.testng.internal.TestMethodWorker.run(TestMethodWorker.java:109)
at org.testng.TestRunner.privateRun(TestRunner.java:648)
at org.testng.TestRunner.run(TestRunner.java:505)
at org.testng.SuiteRunner.runTest(SuiteRunner.java:455)
at org.testng.SuiteRunner.runSequentially(SuiteRunner.java:450)
at org.testng.SuiteRunner.privateRun(SuiteRunner.java:415)
at org.testng.SuiteRunner.run(SuiteRunner.java:364)
at org.testng.SuiteRunnerWorker.runSuite(SuiteRunnerWorker.java:52)
at org.testng.SuiteRunnerWorker.run(SuiteRunnerWorker.java:84)
at org.testng.TestNG.runSuitesSequentially(TestNG.java:1208)
at org.testng.TestNG.runSuitesLocally(TestNG.java:1137)
at org.testng.TestNG.runSuites(TestNG.java:1049)
at org.testng.TestNG.run(TestNG.java:1017)
at org.testng.remote.AbstractRemoteTestNG.run(AbstractRemoteTestNG.java:115)
at org.testng.remote.RemoteTestNG.initAndRun(RemoteTestNG.java:251)
at org.testng.remote.RemoteTestNG.main(RemoteTestNG.java:77)
]]>
    </error>
  </testcase> <!-- VerifyThaATMExistInList -->
</testsuite> <!-- TimeStreamGroup.Reconstream.Administration_ATM -->
