<?xml version="1.0" encoding="UTF-8"?>
<!-- Generated by org.testng.reporters.JUnitReportReporter -->
<testsuite hostname="DESKTOP-ECUBPED" failures="0" tests="1" name="EventBuizz.EventBuizz.Configuration" time="3.397" errors="1" timestamp="01 Sep 2021 11:53:40 GMT" skipped="0">
  <testcase classname="EventBuizz.EventBuizz.Configuration" name="LaunchApplication" time="3.397">
    <error message="session not created: This version of ChromeDriver only supports Chrome version 90
Current browser version is 92.0.4515.159 with binary path C:\Program Files\Google\Chrome\Application\chrome.exe
Build info: version: &#039;3.8.1&#039;, revision: &#039;6e95a6684b&#039;, time: &#039;2017-12-01T18:33:54.468Z&#039;
System info: host: &#039;DESKTOP-ECUBPED&#039;, ip: &#039;192.168.100.8&#039;, os.name: &#039;Windows 10&#039;, os.arch: &#039;amd64&#039;, os.version: &#039;10.0&#039;, java.version: &#039;15.0.2&#039;
Driver info: driver.version: ChromeDriver
remote stacktrace: Backtrace:
	Ordinal0 [0x0058C013+2474003]
	Ordinal0 [0x005229C1+2042305]
	Ordinal0 [0x00432F68+1060712]
	Ordinal0 [0x0045188E+1185934]
	Ordinal0 [0x0044D600+1168896]
	Ordinal0 [0x0044AA83+1157763]
	Ordinal0 [0x0047A2A2+1352354]
	Ordinal0 [0x00478FAA+1347498]
	Ordinal0 [0x004766DB+1337051]
	Ordinal0 [0x00453427+1192999]
	Ordinal0 [0x004542EE+1196782]
	Ordinal0 [0x00454279+1196665]
	GetHandleVerifier [0x007196FC+1590332]
	GetHandleVerifier [0x007C8614+2306900]
	GetHandleVerifier [0x00619E93+543699]
	GetHandleVerifier [0x006192CE+540686]
	Ordinal0 [0x005286BA+2066106]
	Ordinal0 [0x0052D1C8+2085320]
	Ordinal0 [0x0052D308+2085640]
	Ordinal0 [0x005367F3+2123763]
	BaseThreadInitThunk [0x76BDFA29+25]
	RtlGetAppContainerNamedObjectPath [0x77A77A7E+286]
	RtlGetAppContainerNamedObjectPath [0x77A77A4E+238]
" type="org.openqa.selenium.SessionNotCreatedException">
      <![CDATA[org.openqa.selenium.SessionNotCreatedException: session not created: This version of ChromeDriver only supports Chrome version 90
Current browser version is 92.0.4515.159 with binary path C:\Program Files\Google\Chrome\Application\chrome.exe
Build info: version: '3.8.1', revision: '6e95a6684b', time: '2017-12-01T18:33:54.468Z'
System info: host: 'DESKTOP-ECUBPED', ip: '192.168.100.8', os.name: 'Windows 10', os.arch: 'amd64', os.version: '10.0', java.version: '15.0.2'
Driver info: driver.version: ChromeDriver
remote stacktrace: Backtrace:
Ordinal0 [0x0058C013+2474003]
Ordinal0 [0x005229C1+2042305]
Ordinal0 [0x00432F68+1060712]
Ordinal0 [0x0045188E+1185934]
Ordinal0 [0x0044D600+1168896]
Ordinal0 [0x0044AA83+1157763]
Ordinal0 [0x0047A2A2+1352354]
Ordinal0 [0x00478FAA+1347498]
Ordinal0 [0x004766DB+1337051]
Ordinal0 [0x00453427+1192999]
Ordinal0 [0x004542EE+1196782]
Ordinal0 [0x00454279+1196665]
GetHandleVerifier [0x007196FC+1590332]
GetHandleVerifier [0x007C8614+2306900]
GetHandleVerifier [0x00619E93+543699]
GetHandleVerifier [0x006192CE+540686]
Ordinal0 [0x005286BA+2066106]
Ordinal0 [0x0052D1C8+2085320]
Ordinal0 [0x0052D308+2085640]
Ordinal0 [0x005367F3+2123763]
BaseThreadInitThunk [0x76BDFA29+25]
RtlGetAppContainerNamedObjectPath [0x77A77A7E+286]
RtlGetAppContainerNamedObjectPath [0x77A77A4E+238]

at java.base/jdk.internal.reflect.NativeConstructorAccessorImpl.newInstance0(Native Method)
at java.base/jdk.internal.reflect.NativeConstructorAccessorImpl.newInstance(NativeConstructorAccessorImpl.java:64)
at java.base/jdk.internal.reflect.DelegatingConstructorAccessorImpl.newInstance(DelegatingConstructorAccessorImpl.java:45)
at java.base/java.lang.reflect.Constructor.newInstanceWithCaller(Constructor.java:500)
at java.base/java.lang.reflect.Constructor.newInstance(Constructor.java:481)
at org.openqa.selenium.remote.W3CHandshakeResponse.lambda$new$0(W3CHandshakeResponse.java:57)
at org.openqa.selenium.remote.W3CHandshakeResponse.lambda$getResponseFunction$2(W3CHandshakeResponse.java:104)
at org.openqa.selenium.remote.ProtocolHandshake.lambda$createSession$0(ProtocolHandshake.java:123)
at java.base/java.util.stream.ReferencePipeline$3$1.accept(ReferencePipeline.java:195)
at java.base/java.util.Spliterators$ArraySpliterator.tryAdvance(Spliterators.java:958)
at java.base/java.util.stream.ReferencePipeline.forEachWithCancel(ReferencePipeline.java:127)
at java.base/java.util.stream.AbstractPipeline.copyIntoWithCancel(AbstractPipeline.java:502)
at java.base/java.util.stream.AbstractPipeline.copyInto(AbstractPipeline.java:488)
at java.base/java.util.stream.AbstractPipeline.wrapAndCopyInto(AbstractPipeline.java:474)
at java.base/java.util.stream.FindOps$FindOp.evaluateSequential(FindOps.java:150)
at java.base/java.util.stream.AbstractPipeline.evaluate(AbstractPipeline.java:234)
at java.base/java.util.stream.ReferencePipeline.findFirst(ReferencePipeline.java:543)
at org.openqa.selenium.remote.ProtocolHandshake.createSession(ProtocolHandshake.java:126)
at org.openqa.selenium.remote.ProtocolHandshake.createSession(ProtocolHandshake.java:73)
at org.openqa.selenium.remote.HttpCommandExecutor.execute(HttpCommandExecutor.java:142)
at org.openqa.selenium.remote.service.DriverCommandExecutor.execute(DriverCommandExecutor.java:83)
at org.openqa.selenium.remote.RemoteWebDriver.execute(RemoteWebDriver.java:601)
at org.openqa.selenium.remote.RemoteWebDriver.startSession(RemoteWebDriver.java:219)
at org.openqa.selenium.remote.RemoteWebDriver.<init>(RemoteWebDriver.java:142)
at org.openqa.selenium.chrome.ChromeDriver.<init>(ChromeDriver.java:181)
at org.openqa.selenium.chrome.ChromeDriver.<init>(ChromeDriver.java:168)
at org.openqa.selenium.chrome.ChromeDriver.<init>(ChromeDriver.java:123)
at EventBuizz.EventBuizz.Configuration.LaunchApplication(Configuration.java:30)
at java.base/jdk.internal.reflect.NativeMethodAccessorImpl.invoke0(Native Method)
at java.base/jdk.internal.reflect.NativeMethodAccessorImpl.invoke(NativeMethodAccessorImpl.java:64)
at java.base/jdk.internal.reflect.DelegatingMethodAccessorImpl.invoke(DelegatingMethodAccessorImpl.java:43)
at java.base/java.lang.reflect.Method.invoke(Method.java:564)
at org.testng.internal.MethodInvocationHelper.invokeMethod(MethodInvocationHelper.java:124)
at org.testng.internal.MethodInvocationHelper.invokeMethodConsideringTimeout(MethodInvocationHelper.java:59)
at org.testng.internal.Invoker.invokeConfigurationMethod(Invoker.java:458)
at org.testng.internal.Invoker.invokeConfigurations(Invoker.java:222)
at org.testng.internal.Invoker.invokeConfigurations(Invoker.java:142)
at org.testng.SuiteRunner.privateRun(SuiteRunner.java:401)
at org.testng.SuiteRunner.run(SuiteRunner.java:364)
at org.testng.SuiteRunnerWorker.runSuite(SuiteRunnerWorker.java:52)
at org.testng.SuiteRunnerWorker.run(SuiteRunnerWorker.java:84)
at org.testng.TestNG.runSuitesSequentially(TestNG.java:1208)
at org.testng.TestNG.runSuitesLocally(TestNG.java:1137)
at org.testng.TestNG.runSuites(TestNG.java:1049)
at org.testng.TestNG.run(TestNG.java:1017)
at org.testng.remote.AbstractRemoteTestNG.run(AbstractRemoteTestNG.java:115)
at org.testng.remote.RemoteTestNG.initAndRun(RemoteTestNG.java:251)
at org.testng.remote.RemoteTestNG.main(RemoteTestNG.java:77)
]]>
    </error>
  </testcase> <!-- LaunchApplication -->
</testsuite> <!-- EventBuizz.EventBuizz.Configuration -->
